<?xml version="1.0" encoding="UTF-8"?>
<testng-results ignored="0" total="4" passed="4" failed="0" skipped="0">
  <reporter-output>
  </reporter-output>
  <suite started-at="2023-05-21T11:52:05 IST" name="mastersuite" finished-at="2023-05-21T11:53:21 IST" duration-ms="75622">
    <groups>
    </groups>
    <test started-at="2023-05-21T11:52:05 IST" name="master" finished-at="2023-05-21T11:53:21 IST" duration-ms="75622">
      <class name="com.yatratrip.HomePageTest">
        <test-method is-config="true" signature="loadConfig()[pri:0, instance:com.yatratrip.HomePageTest@692f203f]" started-at="2023-05-21T11:52:05 IST" name="loadConfig" finished-at="2023-05-21T11:52:05 IST" duration-ms="186" status="PASS">
          <reporter-output>
          </reporter-output>
        </test-method> <!-- loadConfig -->
        <test-method is-config="true" signature="setUp(java.lang.String)[pri:0, instance:com.yatratrip.HomePageTest@692f203f]" started-at="2023-05-21T11:52:05 IST" name="setUp" finished-at="2023-05-21T11:52:17 IST" duration-ms="11432" status="PASS">
          <params>
            <param index="0">
              <value>
                <![CDATA[firefox]]>
              </value>
            </param>
          </params>
          <reporter-output>
          </reporter-output>
        </test-method> <!-- setUp -->
        <test-method signature="getTitle()[pri:0, instance:com.yatratrip.HomePageTest@692f203f]" started-at="2023-05-21T11:52:17 IST" name="getTitle" finished-at="2023-05-21T11:52:17 IST" duration-ms="51" status="PASS">
          <reporter-output>
          </reporter-output>
        </test-method> <!-- getTitle -->
        <test-method is-config="true" signature="tearDown()[pri:0, instance:com.yatratrip.HomePageTest@692f203f]" started-at="2023-05-21T11:52:17 IST" name="tearDown" finished-at="2023-05-21T11:52:20 IST" duration-ms="2815" status="PASS">
          <reporter-output>
          </reporter-output>
        </test-method> <!-- tearDown -->
        <test-method is-config="true" signature="setUp(java.lang.String)[pri:0, instance:com.yatratrip.HomePageTest@692f203f]" started-at="2023-05-21T11:52:20 IST" name="setUp" finished-at="2023-05-21T11:52:33 IST" duration-ms="13086" status="PASS">
          <params>
            <param index="0">
              <value>
                <![CDATA[firefox]]>
              </value>
            </param>
          </params>
          <reporter-output>
          </reporter-output>
        </test-method> <!-- setUp -->
        <test-method signature="logoCheck()[pri:0, instance:com.yatratrip.HomePageTest@692f203f]" started-at="2023-05-21T11:52:33 IST" name="logoCheck" finished-at="2023-05-21T11:52:33 IST" duration-ms="168" status="PASS">
          <reporter-output>
          </reporter-output>
        </test-method> <!-- logoCheck -->
        <test-method is-config="true" signature="tearDown()[pri:0, instance:com.yatratrip.HomePageTest@692f203f]" started-at="2023-05-21T11:52:33 IST" name="tearDown" finished-at="2023-05-21T11:52:35 IST" duration-ms="2389" status="PASS">
          <reporter-output>
          </reporter-output>
        </test-method> <!-- tearDown -->
        <test-method is-config="true" signature="setUp(java.lang.String)[pri:0, instance:com.yatratrip.HomePageTest@692f203f]" started-at="2023-05-21T11:52:36 IST" name="setUp" finished-at="2023-05-21T11:52:48 IST" duration-ms="12638" status="PASS">
          <params>
            <param index="0">
              <value>
                <![CDATA[firefox]]>
              </value>
            </param>
          </params>
          <reporter-output>
          </reporter-output>
        </test-method> <!-- setUp -->
        <test-method signature="searchFlight(java.lang.String,java.lang.String)[pri:0, instance:com.yatratrip.HomePageTest@692f203f]" started-at="2023-05-21T11:52:48 IST" name="searchFlight" data-provider="bvttest" finished-at="2023-05-21T11:52:57 IST" duration-ms="8868" status="PASS">
          <params>
            <param index="0">
              <value>
                <![CDATA[Mumbai]]>
              </value>
            </param>
            <param index="1">
              <value>
                <![CDATA[Delhi]]>
              </value>
            </param>
          </params>
          <reporter-output>
          </reporter-output>
        </test-method> <!-- searchFlight -->
        <test-method is-config="true" signature="tearDown()[pri:0, instance:com.yatratrip.HomePageTest@692f203f]" started-at="2023-05-21T11:52:57 IST" name="tearDown" finished-at="2023-05-21T11:52:59 IST" duration-ms="1691" status="PASS">
          <reporter-output>
          </reporter-output>
        </test-method> <!-- tearDown -->
        <test-method is-config="true" signature="setUp(java.lang.String)[pri:0, instance:com.yatratrip.HomePageTest@692f203f]" started-at="2023-05-21T11:52:59 IST" name="setUp" finished-at="2023-05-21T11:53:11 IST" duration-ms="11601" status="PASS">
          <params>
            <param index="0">
              <value>
                <![CDATA[firefox]]>
              </value>
            </param>
          </params>
          <reporter-output>
          </reporter-output>
        </test-method> <!-- setUp -->
        <test-method signature="searchFlight(java.lang.String,java.lang.String)[pri:0, instance:com.yatratrip.HomePageTest@692f203f]" started-at="2023-05-21T11:53:11 IST" name="searchFlight" data-provider="bvttest" finished-at="2023-05-21T11:53:19 IST" duration-ms="8700" status="PASS">
          <params>
            <param index="0">
              <value>
                <![CDATA[New Delhi]]>
              </value>
            </param>
            <param index="1">
              <value>
                <![CDATA[Bangalore]]>
              </value>
            </param>
          </params>
          <reporter-output>
          </reporter-output>
        </test-method> <!-- searchFlight -->
        <test-method is-config="true" signature="tearDown()[pri:0, instance:com.yatratrip.HomePageTest@692f203f]" started-at="2023-05-21T11:53:19 IST" name="tearDown" finished-at="2023-05-21T11:53:21 IST" duration-ms="1661" status="PASS">
          <reporter-output>
          </reporter-output>
        </test-method> <!-- tearDown -->
        <test-method is-config="true" signature="afetrSuite()[pri:0, instance:com.yatratrip.HomePageTest@692f203f]" started-at="2023-05-21T11:53:21 IST" name="afetrSuite" finished-at="2023-05-21T11:53:21 IST" duration-ms="236" status="PASS">
          <reporter-output>
          </reporter-output>
        </test-method> <!-- afetrSuite -->
      </class> <!-- com.yatratrip.HomePageTest -->
    </test> <!-- master -->
  </suite> <!-- mastersuite -->
</testng-results>
