<?xml version="1.0" encoding="UTF-8"?>
<!-- Generated by org.testng.reporters.JUnitXMLReporter -->
<testsuite ignored="0" hostname="INMFQAIQE" failures="0" tests="4" name="master" time="75.622" errors="0" timestamp="2023-05-21T11:53:21 IST">
  <testcase classname="com.yatratrip.HomePageTest" name="getTitle" time="0.051"/>
  <testcase classname="com.yatratrip.HomePageTest" name="logoCheck" time="0.168"/>
  <testcase classname="com.yatratrip.HomePageTest" name="searchFlight" time="8.868"/>
  <testcase classname="com.yatratrip.HomePageTest" name="searchFlight" time="8.7"/>
</testsuite> <!-- master -->
